<?xml version="1.0" encoding="UTF-8"?>
<!-- Generated by org.testng.reporters.JUnitXMLReporter -->
<testsuite hostname="madhavi" ignored="0" name="Surefire test" tests="15" failures="0" timestamp="17 Jan 2019 12:06:19 GMT" time="423.763" errors="0">
  <testcase name="@BeforeMethod Setup" time="82.144" classname="com.qa.FAM.test.Company_setupTest">
    <failure type="org.openqa.selenium.WebDriverException" message="unknown error: unable to discover open pages
  (Driver info: chromedriver=2.43.600210 (68dcf5eebde37173d4027fa8635e332711d2874a),platform=Windows NT 10.0.17134 x86_64) (WARNING: The server did not provide any stacktrace information)
Command duration or timeout: 62.97 seconds
Build info: version: &amp;apos;3.14.0&amp;apos;, revision: &amp;apos;aacccce0&amp;apos;, time: &amp;apos;2018-08-02T20:19:58.91Z&amp;apos;
System info: host: &amp;apos;MADHAVI&amp;apos;, ip: &amp;apos;192.168.43.180&amp;apos;, os.name: &amp;apos;Windows 10&amp;apos;, os.arch: &amp;apos;amd64&amp;apos;, os.version: &amp;apos;10.0&amp;apos;, java.version: &amp;apos;1.8.0_181&amp;apos;
Driver info: driver.version: ChromeDriver">
      <![CDATA[org.openqa.selenium.WebDriverException: unknown error: unable to discover open pages
  (Driver info: chromedriver=2.43.600210 (68dcf5eebde37173d4027fa8635e332711d2874a),platform=Windows NT 10.0.17134 x86_64) (WARNING: The server did not provide any stacktrace information)
Command duration or timeout: 62.97 seconds
Build info: version: '3.14.0', revision: 'aacccce0', time: '2018-08-02T20:19:58.91Z'
System info: host: 'MADHAVI', ip: '192.168.43.180', os.name: 'Windows 10', os.arch: 'amd64', os.version: '10.0', java.version: '1.8.0_181'
Driver info: driver.version: ChromeDriver
at org.openqa.selenium.remote.ErrorHandler.createThrowable(ErrorHandler.java:214)
at org.openqa.selenium.remote.ErrorHandler.throwIfResponseFailed(ErrorHandler.java:166)
at org.openqa.selenium.remote.JsonWireProtocolResponse.lambda$new$0(JsonWireProtocolResponse.java:53)
at org.openqa.selenium.remote.JsonWireProtocolResponse.lambda$getResponseFunction$2(JsonWireProtocolResponse.java:91)
at org.openqa.selenium.remote.ProtocolHandshake.lambda$createSession$0(ProtocolHandshake.java:122)
at java.util.stream.ReferencePipeline$3$1.accept(ReferencePipeline.java:193)
at java.util.Spliterators$ArraySpliterator.tryAdvance(Spliterators.java:958)
at java.util.stream.ReferencePipeline.forEachWithCancel(ReferencePipeline.java:126)
at java.util.stream.AbstractPipeline.copyIntoWithCancel(AbstractPipeline.java:498)
at java.util.stream.AbstractPipeline.copyInto(AbstractPipeline.java:485)
at java.util.stream.AbstractPipeline.wrapAndCopyInto(AbstractPipeline.java:471)
at java.util.stream.FindOps$FindOp.evaluateSequential(FindOps.java:152)
at java.util.stream.AbstractPipeline.evaluate(AbstractPipeline.java:234)
at java.util.stream.ReferencePipeline.findFirst(ReferencePipeline.java:464)
at org.openqa.selenium.remote.ProtocolHandshake.createSession(ProtocolHandshake.java:125)
at org.openqa.selenium.remote.ProtocolHandshake.createSession(ProtocolHandshake.java:73)
at org.openqa.selenium.remote.HttpCommandExecutor.execute(HttpCommandExecutor.java:136)
at org.openqa.selenium.remote.service.DriverCommandExecutor.execute(DriverCommandExecutor.java:83)
at org.openqa.selenium.remote.RemoteWebDriver.execute(RemoteWebDriver.java:548)
at org.openqa.selenium.remote.RemoteWebDriver.startSession(RemoteWebDriver.java:212)
at org.openqa.selenium.remote.RemoteWebDriver.<init>(RemoteWebDriver.java:130)
at org.openqa.selenium.chrome.ChromeDriver.<init>(ChromeDriver.java:181)
at org.openqa.selenium.chrome.ChromeDriver.<init>(ChromeDriver.java:168)
at org.openqa.selenium.chrome.ChromeDriver.<init>(ChromeDriver.java:123)
at com.qa.FAM.base.Testbase.Setbrowser(Testbase.java:46)
at com.qa.FAM.test.Company_setupTest.Setup(Company_setupTest.java:27)
... Removed 37 stack frames]]>
    </failure>
  </testcase> <!-- @BeforeMethod Setup -->
  <testcase name="@AfterMethod close_browser" time="0.0" classname="com.qa.FAM.test.Company_setupTest">
    <skipped/>
  </testcase> <!-- @AfterMethod close_browser -->
  <testcase name="@BeforeMethod Setup" time="0.0" classname="com.qa.FAM.test.Company_setupTest">
    <skipped/>
  </testcase> <!-- @BeforeMethod Setup -->
  <testcase name="@AfterMethod close_browser" time="0.0" classname="com.qa.FAM.test.Company_setupTest">
    <skipped/>
  </testcase> <!-- @AfterMethod close_browser -->
  <testcase name="@BeforeMethod Setup" time="0.0" classname="com.qa.FAM.test.Company_setupTest">
    <skipped/>
  </testcase> <!-- @BeforeMethod Setup -->
  <testcase name="@AfterMethod close_browser" time="0.0" classname="com.qa.FAM.test.Company_setupTest">
    <skipped/>
  </testcase> <!-- @AfterMethod close_browser -->
  <testcase name="@BeforeMethod Setup" time="0.0" classname="com.qa.FAM.test.Company_setupTest">
    <skipped/>
  </testcase> <!-- @BeforeMethod Setup -->
  <testcase name="@AfterMethod close_browser" time="0.0" classname="com.qa.FAM.test.Company_setupTest">
    <skipped/>
  </testcase> <!-- @AfterMethod close_browser -->
  <testcase name="@BeforeMethod Setup" time="0.0" classname="com.qa.FAM.test.Company_setupTest">
    <skipped/>
  </testcase> <!-- @BeforeMethod Setup -->
  <testcase name="@AfterMethod close_browser" time="0.0" classname="com.qa.FAM.test.Company_setupTest">
    <skipped/>
  </testcase> <!-- @AfterMethod close_browser -->
  <testcase name="@BeforeMethod Setup" time="0.0" classname="com.qa.FAM.test.Company_setupTest">
    <skipped/>
  </testcase> <!-- @BeforeMethod Setup -->
  <testcase name="@AfterMethod close_browser" time="0.0" classname="com.qa.FAM.test.Company_setupTest">
    <skipped/>
  </testcase> <!-- @AfterMethod close_browser -->
  <testcase name="@BeforeMethod Setup" time="46.801" classname="com.qa.FAM.test.SetupTest">
    <failure type="org.openqa.selenium.TimeoutException" message="timeout
  (Session info: chrome=71.0.3578.98)
  (Driver info: chromedriver=2.43.600210 (68dcf5eebde37173d4027fa8635e332711d2874a),platform=Windows NT 10.0.17134 x86_64) (WARNING: The server did not provide any stacktrace information)
Command duration or timeout: 0 milliseconds
Build info: version: &amp;apos;3.14.0&amp;apos;, revision: &amp;apos;aacccce0&amp;apos;, time: &amp;apos;2018-08-02T20:19:58.91Z&amp;apos;
System info: host: &amp;apos;MADHAVI&amp;apos;, ip: &amp;apos;192.168.43.180&amp;apos;, os.name: &amp;apos;Windows 10&amp;apos;, os.arch: &amp;apos;amd64&amp;apos;, os.version: &amp;apos;10.0&amp;apos;, java.version: &amp;apos;1.8.0_181&amp;apos;
Driver info: org.openqa.selenium.chrome.ChromeDriver
Capabilities {acceptInsecureCerts: false, acceptSslCerts: false, applicationCacheEnabled: false, browserConnectionEnabled: false, browserName: chrome, chrome: {chromedriverVersion: 2.43.600210 (68dcf5eebde371..., userDataDir: C:\Users\abc\AppData\Local\...}, cssSelectorsEnabled: true, databaseEnabled: false, goog:chromeOptions: {debuggerAddress: localhost:4569}, handlesAlerts: true, hasTouchScreen: false, javascriptEnabled: true, locationContextEnabled: true, mobileEmulationEnabled: false, nativeEvents: true, networkConnectionEnabled: false, pageLoadStrategy: normal, platform: XP, platformName: XP, rotatable: false, setWindowRect: true, takesHeapSnapshot: true, takesScreenshot: true, unexpectedAlertBehaviour: , unhandledPromptBehavior: , version: 71.0.3578.98, webStorageEnabled: true}
Session ID: 8c29d6e7f27ee62900a76271181ca647">
      <![CDATA[org.openqa.selenium.TimeoutException: timeout
  (Session info: chrome=71.0.3578.98)
  (Driver info: chromedriver=2.43.600210 (68dcf5eebde37173d4027fa8635e332711d2874a),platform=Windows NT 10.0.17134 x86_64) (WARNING: The server did not provide any stacktrace information)
Command duration or timeout: 0 milliseconds
Build info: version: '3.14.0', revision: 'aacccce0', time: '2018-08-02T20:19:58.91Z'
System info: host: 'MADHAVI', ip: '192.168.43.180', os.name: 'Windows 10', os.arch: 'amd64', os.version: '10.0', java.version: '1.8.0_181'
Driver info: org.openqa.selenium.chrome.ChromeDriver
Capabilities {acceptInsecureCerts: false, acceptSslCerts: false, applicationCacheEnabled: false, browserConnectionEnabled: false, browserName: chrome, chrome: {chromedriverVersion: 2.43.600210 (68dcf5eebde371..., userDataDir: C:\Users\abc\AppData\Local\...}, cssSelectorsEnabled: true, databaseEnabled: false, goog:chromeOptions: {debuggerAddress: localhost:4569}, handlesAlerts: true, hasTouchScreen: false, javascriptEnabled: true, locationContextEnabled: true, mobileEmulationEnabled: false, nativeEvents: true, networkConnectionEnabled: false, pageLoadStrategy: normal, platform: XP, platformName: XP, rotatable: false, setWindowRect: true, takesHeapSnapshot: true, takesScreenshot: true, unexpectedAlertBehaviour: , unhandledPromptBehavior: , version: 71.0.3578.98, webStorageEnabled: true}
Session ID: 8c29d6e7f27ee62900a76271181ca647
at org.openqa.selenium.remote.ErrorHandler.createThrowable(ErrorHandler.java:214)
at org.openqa.selenium.remote.ErrorHandler.throwIfResponseFailed(ErrorHandler.java:166)
at org.openqa.selenium.remote.http.JsonHttpResponseCodec.reconstructValue(JsonHttpResponseCodec.java:40)
at org.openqa.selenium.remote.http.AbstractHttpResponseCodec.decode(AbstractHttpResponseCodec.java:80)
at org.openqa.selenium.remote.http.AbstractHttpResponseCodec.decode(AbstractHttpResponseCodec.java:44)
at org.openqa.selenium.remote.HttpCommandExecutor.execute(HttpCommandExecutor.java:158)
at org.openqa.selenium.remote.service.DriverCommandExecutor.execute(DriverCommandExecutor.java:83)
at org.openqa.selenium.remote.RemoteWebDriver.execute(RemoteWebDriver.java:548)
at org.openqa.selenium.remote.RemoteWebElement.execute(RemoteWebElement.java:276)
at org.openqa.selenium.remote.RemoteWebElement.click(RemoteWebElement.java:83)
at org.openqa.selenium.support.pagefactory.internal.LocatingElementHandler.invoke(LocatingElementHandler.java:51)
at com.sun.proxy.$Proxy8.click(Unknown Source)
at com.qa.FAM.pages.Loginpage.verify_clickbutton(Loginpage.java:57)
at com.qa.FAM.test.SetupTest.Setup(SetupTest.java:27)
... Removed 40 stack frames]]>
    </failure>
  </testcase> <!-- @BeforeMethod Setup -->
  <testcase name="@AfterMethod close_browser" time="0.0" classname="com.qa.FAM.test.SetupTest">
    <skipped/>
  </testcase> <!-- @AfterMethod close_browser -->
  <testcase name="@BeforeMethod Setup" time="0.0" classname="com.qa.FAM.test.SetupTest">
    <skipped/>
  </testcase> <!-- @BeforeMethod Setup -->
  <testcase name="@AfterMethod close_browser" time="0.0" classname="com.qa.FAM.test.SetupTest">
    <skipped/>
  </testcase> <!-- @AfterMethod close_browser -->
  <testcase name="Company_setupTest" time="0.0" classname="com.qa.FAM.test.Company_setupTest">
    <skipped/>
  </testcase> <!-- Company_setupTest -->
  <testcase name="Company_setupTest" time="0.0" classname="com.qa.FAM.test.Company_setupTest">
    <skipped/>
  </testcase> <!-- Company_setupTest -->
  <testcase name="Company_setupTest" time="0.0" classname="com.qa.FAM.test.Company_setupTest">
    <skipped/>
  </testcase> <!-- Company_setupTest -->
  <testcase name="Company_setupTest" time="0.0" classname="com.qa.FAM.test.Company_setupTest">
    <skipped/>
  </testcase> <!-- Company_setupTest -->
  <testcase name="setuppageTitleTest" time="0.044" classname="com.qa.FAM.test.SetupTest"/>
  <testcase name="verify_dropdown" time="0.0" classname="com.qa.FAM.test.Company_setupTest">
    <skipped/>
  </testcase> <!-- verify_dropdown -->
  <testcase name="verify_heading" time="0.612" classname="com.qa.FAM.test.SetupTest"/>
  <testcase name="verify_checkbox" time="0.0" classname="com.qa.FAM.test.Company_setupTest">
    <skipped/>
  </testcase> <!-- verify_checkbox -->
  <testcase name="Verify_ClickOn_company_Setup" time="5.44" classname="com.qa.FAM.test.SetupTest"/>
  <testcase name="verify_user_account_setup_link" time="4.27" classname="com.qa.FAM.test.SetupTest"/>
  <testcase name="verify_accsess_setup" time="3.568" classname="com.qa.FAM.test.SetupTest"/>
  <testcase name="verify_display_setup" time="2.936" classname="com.qa.FAM.test.SetupTest"/>
  <testcase name="verify_fiscal_year" time="3.546" classname="com.qa.FAM.test.SetupTest"/>
  <testcase name="verify_shiping_company" time="0.0" classname="com.qa.FAM.test.SetupTest">
    <skipped/>
  </testcase> <!-- verify_shiping_company -->
  <testcase name="verify_logout" time="0.0" classname="com.qa.FAM.test.SetupTest">
    <skipped/>
  </testcase> <!-- verify_logout -->
</testsuite> <!-- Surefire test -->
